{"/Users/Martin/Desktop/portafolius-frontend/src/hooks/student/Materials/request/materialsRequest.ts": {"path":"/Users/Martin/Desktop/portafolius-frontend/src/hooks/student/Materials/request/materialsRequest.ts","statementMap":{"0":{"start":{"line":1,"column":0},"end":{"line":1,"column":45}},"1":{"start":{"line":3,"column":0},"end":{"line":3,"column":51}},"2":{"start":{"line":6,"column":37},"end":{"line":14,"column":1}},"3":{"start":{"line":9,"column":46},"end":{"line":10,"column":null}},"4":{"start":{"line":12,"column":2},"end":{"line":12,"column":null}},"5":{"start":{"line":13,"column":2},"end":{"line":13,"column":23}},"6":{"start":{"line":6,"column":13},"end":{"line":6,"column":37}}},"fnMap":{"0":{"name":"(anonymous_1)","decl":{"start":{"line":6,"column":37},"end":{"line":6,"column":42}},"loc":{"start":{"line":8,"column":25},"end":{"line":14,"column":1}}}},"branchMap":{},"s":{"0":1,"1":1,"2":1,"3":2,"4":1,"5":1,"6":1},"f":{"0":2},"b":{}}
,"/Users/Martin/Desktop/portafolius-frontend/src/hooks/student/Progress/requests/progressRequests.ts": {"path":"/Users/Martin/Desktop/portafolius-frontend/src/hooks/student/Progress/requests/progressRequests.ts","statementMap":{"0":{"start":{"line":7,"column":0},"end":{"line":7,"column":7}},"1":{"start":{"line":32,"column":0},"end":{"line":32,"column":7}},"2":{"start":{"line":1,"column":0},"end":{"line":1,"column":45}},"3":{"start":{"line":2,"column":0},"end":{"line":2,"column":51}},"4":{"start":{"line":5,"column":0},"end":{"line":5,"column":57}},"5":{"start":{"line":8,"column":16},"end":{"line":8,"column":38}},"6":{"start":{"line":9,"column":2},"end":{"line":9,"column":47}},"7":{"start":{"line":9,"column":14},"end":{"line":9,"column":47}},"8":{"start":{"line":11,"column":2},"end":{"line":29,"column":3}},"9":{"start":{"line":12,"column":62},"end":{"line":19,"column":null}},"10":{"start":{"line":21,"column":4},"end":{"line":21,"column":39}},"11":{"start":{"line":23,"column":4},"end":{"line":27,"column":5}},"12":{"start":{"line":24,"column":21},"end":{"line":24,"column":40}},"13":{"start":{"line":25,"column":6},"end":{"line":25,"column":59}},"14":{"start":{"line":25,"column":26},"end":{"line":25,"column":59}},"15":{"start":{"line":26,"column":6},"end":{"line":26,"column":61}},"16":{"start":{"line":28,"column":4},"end":{"line":28,"column":14}},"17":{"start":{"line":35,"column":16},"end":{"line":35,"column":38}},"18":{"start":{"line":36,"column":2},"end":{"line":36,"column":47}},"19":{"start":{"line":36,"column":14},"end":{"line":36,"column":47}},"20":{"start":{"line":40,"column":6},"end":{"line":48,"column":null}},"21":{"start":{"line":47,"column":28},"end":{"line":47,"column":32}},"22":{"start":{"line":51,"column":27},"end":{"line":51,"column":35}},"23":{"start":{"line":52,"column":2},"end":{"line":52,"column":55}},"24":{"start":{"line":52,"column":22},"end":{"line":52,"column":55}},"25":{"start":{"line":53,"column":2},"end":{"line":53,"column":32}},"26":{"start":{"line":53,"column":22},"end":{"line":53,"column":32}},"27":{"start":{"line":54,"column":2},"end":{"line":54,"column":81}},"28":{"start":{"line":54,"column":22},"end":{"line":54,"column":81}},"29":{"start":{"line":56,"column":2},"end":{"line":58,"column":3}},"30":{"start":{"line":57,"column":4},"end":{"line":57,"column":16}},"31":{"start":{"line":59,"column":2},"end":{"line":61,"column":3}},"32":{"start":{"line":60,"column":4},"end":{"line":60,"column":37}},"33":{"start":{"line":62,"column":2},"end":{"line":62,"column":12}}},"fnMap":{"0":{"name":"fetchStudies","decl":{"start":{"line":7,"column":22},"end":{"line":7,"column":34}},"loc":{"start":{"line":7,"column":49},"end":{"line":30,"column":1}}},"1":{"name":"fetchEvaluations","decl":{"start":{"line":32,"column":22},"end":{"line":32,"column":38}},"loc":{"start":{"line":33,"column":16},"end":{"line":63,"column":1}}},"2":{"name":"(anonymous_3)","decl":{"start":{"line":47,"column":22},"end":{"line":47,"column":25}},"loc":{"start":{"line":47,"column":28},"end":{"line":47,"column":32}}}},"branchMap":{"0":{"loc":{"start":{"line":9,"column":2},"end":{"line":9,"column":47}},"type":"if","locations":[{"start":{"line":9,"column":2},"end":{"line":9,"column":47}}]},"1":{"loc":{"start":{"line":21,"column":11},"end":{"line":21,"column":38}},"type":"binary-expr","locations":[{"start":{"line":21,"column":11},"end":{"line":21,"column":32}},{"start":{"line":21,"column":36},"end":{"line":21,"column":38}}]},"2":{"loc":{"start":{"line":23,"column":4},"end":{"line":27,"column":5}},"type":"if","locations":[{"start":{"line":23,"column":4},"end":{"line":27,"column":5}}]},"3":{"loc":{"start":{"line":23,"column":8},"end":{"line":23,"column":47}},"type":"binary-expr","locations":[{"start":{"line":23,"column":8},"end":{"line":23,"column":31}},{"start":{"line":23,"column":35},"end":{"line":23,"column":47}}]},"4":{"loc":{"start":{"line":25,"column":6},"end":{"line":25,"column":59}},"type":"if","locations":[{"start":{"line":25,"column":6},"end":{"line":25,"column":59}}]},"5":{"loc":{"start":{"line":36,"column":2},"end":{"line":36,"column":47}},"type":"if","locations":[{"start":{"line":36,"column":2},"end":{"line":36,"column":47}}]},"6":{"loc":{"start":{"line":52,"column":2},"end":{"line":52,"column":55}},"type":"if","locations":[{"start":{"line":52,"column":2},"end":{"line":52,"column":55}}]},"7":{"loc":{"start":{"line":53,"column":2},"end":{"line":53,"column":32}},"type":"if","locations":[{"start":{"line":53,"column":2},"end":{"line":53,"column":32}}]},"8":{"loc":{"start":{"line":54,"column":2},"end":{"line":54,"column":81}},"type":"if","locations":[{"start":{"line":54,"column":2},"end":{"line":54,"column":81}}]},"9":{"loc":{"start":{"line":56,"column":2},"end":{"line":58,"column":3}},"type":"if","locations":[{"start":{"line":56,"column":2},"end":{"line":58,"column":3}}]},"10":{"loc":{"start":{"line":59,"column":2},"end":{"line":61,"column":3}},"type":"if","locations":[{"start":{"line":59,"column":2},"end":{"line":61,"column":3}}]},"11":{"loc":{"start":{"line":59,"column":6},"end":{"line":59,"column":54}},"type":"binary-expr","locations":[{"start":{"line":59,"column":6},"end":{"line":59,"column":10}},{"start":{"line":59,"column":14},"end":{"line":59,"column":54}}]}},"s":{"0":1,"1":1,"2":1,"3":1,"4":1,"5":4,"6":4,"7":1,"8":3,"9":3,"10":1,"11":2,"12":2,"13":2,"14":1,"15":1,"16":0,"17":6,"18":6,"19":1,"20":5,"21":5,"22":5,"23":5,"24":1,"25":4,"26":1,"27":3,"28":1,"29":2,"30":1,"31":1,"32":1,"33":0},"f":{"0":4,"1":6,"2":5},"b":{"0":[1],"1":[1,0],"2":[2],"3":[2,2],"4":[1],"5":[1],"6":[1],"7":[1],"8":[1],"9":[1],"10":[1],"11":[1,1]}}
}
