TN:
SF:src/hooks/student/Materials/request/materialsRequest.ts
FN:6,(anonymous_1)
FNF:1
FNH:1
FNDA:2,(anonymous_1)
DA:1,1
DA:3,1
DA:6,1
DA:9,2
DA:12,1
DA:13,1
LF:6
LH:6
BRF:0
BRH:0
end_of_record
TN:
SF:src/hooks/student/Progress/requests/progressRequests.ts
FN:7,fetchStudies
FN:32,fetchEvaluations
FN:47,(anonymous_3)
FNF:3
FNH:3
FNDA:4,fetchStudies
FNDA:6,fetchEvaluations
FNDA:5,(anonymous_3)
DA:1,1
DA:2,1
DA:5,1
DA:7,1
DA:8,4
DA:9,4
DA:11,3
DA:12,3
DA:21,1
DA:23,2
DA:24,2
DA:25,2
DA:26,1
DA:28,0
DA:32,1
DA:35,6
DA:36,6
DA:40,5
DA:47,5
DA:51,5
DA:52,5
DA:53,4
DA:54,3
DA:56,2
DA:57,1
DA:59,1
DA:60,1
DA:62,0
LF:28
LH:26
BRDA:9,0,0,1
BRDA:21,1,0,1
BRDA:21,1,1,0
BRDA:23,2,0,2
BRDA:23,3,0,2
BRDA:23,3,1,2
BRDA:25,4,0,1
BRDA:36,5,0,1
BRDA:52,6,0,1
BRDA:53,7,0,1
BRDA:54,8,0,1
BRDA:56,9,0,1
BRDA:59,10,0,1
BRDA:59,11,0,1
BRDA:59,11,1,1
BRF:15
BRH:14
end_of_record
