TN:
SF:src/hooks/auth/requests/authRequests.ts
FN:7,(anonymous_1)
FN:12,(anonymous_2)
FN:17,(anonymous_3)
FN:20,(anonymous_4)
FN:27,(anonymous_5)
FN:38,(anonymous_6)
FNF:6
FNH:6
FNDA:1,(anonymous_1)
FNDA:1,(anonymous_2)
FNDA:1,(anonymous_3)
FNDA:1,(anonymous_4)
FNDA:1,(anonymous_5)
FNDA:1,(anonymous_6)
DA:1,1
DA:3,1
DA:7,1
DA:10,1
DA:12,1
DA:15,1
DA:17,1
DA:18,1
DA:20,1
DA:23,1
DA:27,1
DA:32,1
DA:38,1
DA:43,1
LF:14
LH:14
BRF:0
BRH:0
end_of_record
TN:
SF:src/hooks/student/Materials/request/materialsRequest.ts
FN:6,(anonymous_1)
FNF:1
FNH:1
FNDA:2,(anonymous_1)
DA:1,1
DA:3,1
DA:6,1
DA:9,2
DA:12,1
DA:13,1
LF:6
LH:6
BRF:0
BRH:0
end_of_record
TN:
SF:src/hooks/student/Progress/requests/progressRequests.ts
FN:7,fetchStudies
FN:32,fetchEvaluations
FN:47,(anonymous_3)
FNF:3
FNH:3
FNDA:4,fetchStudies
FNDA:6,fetchEvaluations
FNDA:5,(anonymous_3)
DA:1,1
DA:2,1
DA:5,1
DA:7,1
DA:8,4
DA:9,4
DA:11,3
DA:12,3
DA:21,1
DA:23,2
DA:24,2
DA:25,2
DA:26,1
DA:28,0
DA:32,1
DA:35,6
DA:36,6
DA:40,5
DA:47,5
DA:51,5
DA:52,5
DA:53,4
DA:54,3
DA:56,2
DA:57,1
DA:59,1
DA:60,1
DA:62,0
LF:28
LH:26
BRDA:9,0,0,1
BRDA:21,1,0,1
BRDA:21,1,1,0
BRDA:23,2,0,2
BRDA:23,3,0,2
BRDA:23,3,1,2
BRDA:25,4,0,1
BRDA:36,5,0,1
BRDA:52,6,0,1
BRDA:53,7,0,1
BRDA:54,8,0,1
BRDA:56,9,0,1
BRDA:59,10,0,1
BRDA:59,11,0,1
BRDA:59,11,1,1
BRF:15
BRH:14
end_of_record
TN:
SF:src/hooks/student/RecentComments/requests/recentCommentsRequest.ts
FN:5,fetchRecentComments
FNF:1
FNH:1
FNDA:3,fetchRecentComments
DA:1,1
DA:2,1
DA:5,1
DA:8,3
DA:9,3
DA:12,1
DA:14,2
DA:15,1
DA:17,1
LF:9
LH:9
BRDA:14,0,0,1
BRF:1
BRH:1
end_of_record
TN:
SF:src/hooks/student/Studies/request/studiesRequest.ts
FN:6,createNewStudy
FN:29,fetchStudentStudies
FN:43,(anonymous_3)
FNF:3
FNH:3
FNDA:4,createNewStudy
FNDA:4,fetchStudentStudies
FNDA:2,(anonymous_3)
DA:1,1
DA:2,1
DA:4,1
DA:6,1
DA:11,4
DA:13,4
DA:14,4
DA:19,1
DA:21,3
DA:22,2
DA:23,2
DA:25,1
DA:29,1
DA:32,4
DA:33,4
DA:35,3
DA:36,3
DA:43,2
DA:46,2
DA:47,1
DA:49,1
DA:51,2
DA:52,1
DA:54,1
LF:24
LH:24
BRDA:21,0,0,2
BRDA:21,1,0,3
BRDA:21,1,1,3
BRDA:23,2,0,2
BRDA:23,2,1,1
BRDA:33,3,0,1
BRDA:46,4,0,1
BRDA:51,5,0,1
BRDA:51,6,0,2
BRDA:51,6,1,1
BRF:10
BRH:10
end_of_record
TN:
SF:src/hooks/student/Videos/request/videosRequest.ts
FN:5,fetchStudyVideos
FN:10,(anonymous_2)
FNF:2
FNH:2
FNDA:5,fetchStudyVideos
FNDA:4,(anonymous_2)
DA:1,1
DA:2,1
DA:5,1
DA:6,5
DA:9,5
DA:10,4
DA:13,4
DA:14,1
DA:17,3
DA:18,3
LF:10
LH:10
BRDA:13,0,0,1
BRDA:18,1,0,3
BRDA:18,1,1,2
BRDA:18,1,2,1
BRF:4
BRH:4
end_of_record
TN:
SF:src/hooks/teacher/evaluations/evaluationService/request/evaluationServiceRequest.ts
FN:5,fetchAllEvaluations
FN:10,(anonymous_2)
FN:18,createEvaluationRequest
FN:33,(anonymous_4)
FN:42,fetchEvaluationByStudyId
FN:47,(anonymous_6)
FN:55,updateEvaluationRequest
FN:70,(anonymous_8)
FNF:8
FNH:8
FNDA:2,fetchAllEvaluations
FNDA:2,(anonymous_2)
FNDA:2,createEvaluationRequest
FNDA:2,(anonymous_4)
FNDA:2,fetchEvaluationByStudyId
FNDA:2,(anonymous_6)
FNDA:2,updateEvaluationRequest
FNDA:2,(anonymous_8)
DA:1,1
DA:2,1
DA:5,1
DA:6,2
DA:8,2
DA:10,2
DA:12,2
DA:13,1
DA:15,1
DA:18,1
DA:23,2
DA:25,2
DA:33,2
DA:36,2
DA:37,1
DA:39,1
DA:42,1
DA:46,2
DA:47,2
DA:49,2
DA:50,1
DA:52,1
DA:55,1
DA:60,2
DA:62,2
DA:70,2
DA:73,2
DA:74,1
DA:76,1
LF:29
LH:29
BRDA:6,0,0,2
BRDA:6,0,1,0
BRDA:12,1,0,1
BRDA:12,2,0,2
BRDA:12,2,1,2
BRDA:23,3,0,2
BRDA:23,3,1,0
BRDA:36,4,0,1
BRDA:36,5,0,2
BRDA:36,5,1,2
BRDA:49,6,0,1
BRDA:49,7,0,2
BRDA:49,7,1,2
BRDA:60,8,0,2
BRDA:60,8,1,0
BRDA:73,9,0,1
BRDA:73,10,0,2
BRDA:73,10,1,2
BRF:18
BRH:15
end_of_record
TN:
SF:src/hooks/teacher/student/studies/request/studentStudiesRequest.ts
FN:5,fetchStudentStudies
FN:10,(anonymous_2)
FNF:2
FNH:2
FNDA:3,fetchStudentStudies
FNDA:2,(anonymous_2)
DA:1,1
DA:2,1
DA:5,1
DA:8,3
DA:9,3
DA:10,2
DA:12,2
DA:13,1
DA:15,1
LF:9
LH:9
BRDA:12,0,0,1
BRF:1
BRH:1
end_of_record
